<?xml version="1.0" encoding="UTF-8"?>
<!-- Generated by org.testng.reporters.JUnitXMLReporter -->
<testsuite ignored="3" hostname="DESKTOP-CJFGN1F" failures="0" tests="1" name="Login Test with InValid Inputs" time="67.755" errors="0" timestamp="2022-08-16T14:35:24 IST">
  <testcase classname="ciraLogin.Login" name="InValidInputLoginTest" time="6.019"/>
  <testcase classname="ciraLogin.Login" name="LoginWithEmptyField" time="0.0">
    <ignored/>
  </testcase> <!-- LoginWithEmptyField -->
  <testcase classname="ciraLogin.Login" name="ValidInputLoginTest" time="0.0">
    <ignored/>
  </testcase> <!-- ValidInputLoginTest -->
  <testcase classname="ciraLogin.Login" name="ShowPasswordFunctionality" time="0.0">
    <ignored/>
  </testcase> <!-- ShowPasswordFunctionality -->
</testsuite> <!-- Login Test with InValid Inputs -->
