<?xml version="1.0" encoding="UTF-8"?>
<!-- Generated by org.testng.reporters.JUnitXMLReporter -->
<testsuite ignored="3" hostname="DESKTOP-CJFGN1F" failures="0" tests="1" name="Show Password Field Validations" time="42.223" errors="0" timestamp="2022-08-08T18:26:23 IST">
  <testcase classname="ciraLogin.Login" name="ShowPasswordFunctionality" time="4.668"/>
  <testcase classname="ciraLogin.Login" name="Logout" time="0.0">
    <ignored/>
  </testcase> <!-- Logout -->
  <testcase classname="ciraLogin.Login" name="ValidInputLoginTest" time="0.0">
    <ignored/>
  </testcase> <!-- ValidInputLoginTest -->
  <testcase classname="ciraLogin.Login" name="InValidInputLoginTest" time="0.0">
    <ignored/>
  </testcase> <!-- InValidInputLoginTest -->
</testsuite> <!-- Show Password Field Validations -->
