<?xml version="1.0" encoding="UTF-8"?>
<!-- Generated by org.testng.reporters.JUnitXMLReporter -->
<testsuite ignored="3" hostname="DESKTOP-CJFGN1F" failures="0" tests="1" name="Verify Login with Blank Input Fields" time="50.591" errors="0" timestamp="2022-08-10T16:30:27 IST">
  <testcase classname="ciraLogin.Login" name="LoginWithEmptyField" time="5.976"/>
  <testcase classname="ciraLogin.Login" name="ValidInputLoginTest" time="0.0">
    <ignored/>
  </testcase> <!-- ValidInputLoginTest -->
  <testcase classname="ciraLogin.Login" name="ShowPasswordFunctionality" time="0.0">
    <ignored/>
  </testcase> <!-- ShowPasswordFunctionality -->
  <testcase classname="ciraLogin.Login" name="InValidInputLoginTest" time="0.0">
    <ignored/>
  </testcase> <!-- InValidInputLoginTest -->
</testsuite> <!-- Verify Login with Blank Input Fields -->
